Removed Pin From Net: NetName=gnd Pin=C200-1
Removed Pin From Net: NetName=gnd Pin=C201-1
Removed Pin From Net: NetName=12V_Signal Pin=Q200-2
Removed Pin From Net: NetName=Signal_GND Pin=Q200-3
Removed Pin From Net: NetName=gnd Pin=Q200-5
Removed Pin From Net: NetName=+5 Pin=Q200-8
Removed Pin From Net: NetName=24V_Signal Pin=Q201-2
Removed Pin From Net: NetName=Signal_GND Pin=Q201-3
Removed Pin From Net: NetName=gnd Pin=Q201-5
Removed Pin From Net: NetName=+5 Pin=Q201-8
Removed Pin From Net: NetName=+5 Pin=R200-2
Removed Pin From Net: NetName=+5 Pin=R201-2
Removed Pin From Net: NetName=gnd Pin=R202-1
Removed Pin From Net: NetName=gnd Pin=R203-1
Removed Member From Class: ClassName=U_2_CircuitBreaker Member=C200
Removed Member From Class: ClassName=U_2_CircuitBreaker Member=C201
Removed Member From Class: ClassName=U_2_CircuitBreaker Member=Q200
Removed Member From Class: ClassName=U_2_CircuitBreaker Member=Q201
Removed Member From Class: ClassName=U_2_CircuitBreaker Member=R200
Removed Member From Class: ClassName=U_2_CircuitBreaker Member=R201
Removed Member From Class: ClassName=U_2_CircuitBreaker Member=R202
Removed Member From Class: ClassName=U_2_CircuitBreaker Member=R203
Change Component Footprint: Designator=Buck In Old Footprint=691102710002 New Footprint=691102710002
Change Component Footprint: Designator=Buck Out Old Footprint=691102710002 New Footprint=691102710002
Added Component: Designator=T101(Terminal pin 6.3mm)
Added Component: Designator=T102(Terminal pin 6.3mm)
Added Component: Designator=T104(Terminal pin 6.3mm)
Added Component: Designator=T105(Terminal pin 6.3mm)
Added Component: Designator=T124(Terminal pin 6.3mm)
Added Component: Designator=T125(Terminal pin 6.3mm)
Added Component: Designator=T129(Terminal pin 6.3mm)
Added Component: Designator=T130(Terminal pin 6.3mm)
Added Component: Designator=T135(Terminal pin 6.3mm)
Added Component: Designator=T136(Terminal pin 6.3mm)
Added Component: Designator=T137(Terminal pin 6.3mm)
Added Pin To Net: NetName=+12_unfiltered Pin=C101-1
Added Pin To Net: NetName=+3V3 Pin=C202-1
Added Pin To Net: NetName=gnd Pin=C203-1
Added Pin To Net: NetName=12V_Signal Pin=P200-1
Added Pin To Net: NetName=12V_Signal Pin=P201-1
Added Pin To Net: NetName=+12V_Load Pin=T101-1
Added Pin To Net: NetName=+12V_Load Pin=T101-2
Added Pin To Net: NetName=+12V_Load Pin=T102-1
Added Pin To Net: NetName=+12V_Load Pin=T102-2
Added Pin To Net: NetName=+12V_Load Pin=T104-1
Added Pin To Net: NetName=+12V_Load Pin=T104-2
Added Pin To Net: NetName=+12V_Load Pin=T105-1
Added Pin To Net: NetName=+12V_Load Pin=T105-2
Added Pin To Net: NetName=gnd Pin=T124-1
Added Pin To Net: NetName=gnd Pin=T124-2
Added Pin To Net: NetName=gnd Pin=T125-1
Added Pin To Net: NetName=gnd Pin=T125-2
Added Pin To Net: NetName=gnd Pin=T129-1
Added Pin To Net: NetName=gnd Pin=T129-2
Added Pin To Net: NetName=gnd Pin=T130-1
Added Pin To Net: NetName=gnd Pin=T130-2
Added Pin To Net: NetName=gnd Pin=T135-1
Added Pin To Net: NetName=gnd Pin=T135-2
Added Pin To Net: NetName=gnd Pin=T136-1
Added Pin To Net: NetName=gnd Pin=T136-2
Added Pin To Net: NetName=gnd Pin=T137-1
Added Pin To Net: NetName=gnd Pin=T137-2
Add Net: Net with name "+12" already exists
Add Net: Net with name "cell 2_f" already exists
Add Net: Net with name "cell 3_f" already exists
Added Member To Class: ClassName=U_1_Power Member=Component T101 Terminal pin 6.3mm
Added Member To Class: ClassName=U_1_Power Member=Component T102 Terminal pin 6.3mm
Added Member To Class: ClassName=U_1_Power Member=Component T104 Terminal pin 6.3mm
Added Member To Class: ClassName=U_1_Power Member=Component T105 Terminal pin 6.3mm
Added Member To Class: ClassName=U_1_Power Member=Component T124 Terminal pin 6.3mm
Added Member To Class: ClassName=U_1_Power Member=Component T125 Terminal pin 6.3mm
Added Member To Class: ClassName=U_1_Power Member=Component T129 Terminal pin 6.3mm
Added Member To Class: ClassName=U_1_Power Member=Component T130 Terminal pin 6.3mm
Added Member To Class: ClassName=U_1_Power Member=Component T135 Terminal pin 6.3mm
Added Member To Class: ClassName=U_1_Power Member=Component T136 Terminal pin 6.3mm
Added Member To Class: ClassName=U_1_Power Member=Component T137 Terminal pin 6.3mm
